<?xml version="1.0" encoding="UTF-8"?>
<!-- Generated by org.testng.reporters.JUnitXMLReporter -->
<testsuite hostname="LAPTOP-98EDT7F7" name="Default test" tests="3" failures="0" timestamp="19 Sep 2021 04:19:51 GMT" time="11.053" errors="0">
  <testcase name="loginElementValidation" time="0.272" classname="testngAnik.sauceDemoNGV2"/>
  <testcase name="negative_login_validation" time="0.739" classname="testngAnik.sauceDemoNGV2"/>
  <testcase name="positive_login_Valoidation" time="0.768" classname="testngAnik.sauceDemoNGV2"/>
</testsuite> <!-- Default test -->
